\BOOKMARK [0][]{chapter.1}{1 Introduction}{}% 1
\BOOKMARK [0][]{chapter.2}{2 Motivating Applications and Their Requirements}{}% 2
\BOOKMARK [1][]{section.2.1}{2.1 The State-of-the-Art}{chapter.2}% 3
\BOOKMARK [1][]{section.2.2}{2.2 The Challenges}{chapter.2}% 4
\BOOKMARK [1][]{section.2.3}{2.3 Application requirements and wishes}{chapter.2}% 5
\BOOKMARK [1][]{section.2.4}{2.4 Research Areas}{chapter.2}% 6
\BOOKMARK [0][]{chapter.3}{3 Data Structures and Layout Abstractions}{}% 7
\BOOKMARK [1][]{section.3.1}{3.1 Introduction}{chapter.3}% 8
\BOOKMARK [1][]{section.3.2}{3.2 Key Points}{chapter.3}% 9
\BOOKMARK [1][]{section.3.3}{3.3 State of the Art}{chapter.3}% 10
\BOOKMARK [1][]{section.3.4}{3.4 Discussion}{chapter.3}% 11
\BOOKMARK [1][]{section.3.5}{3.5 Research Plan}{chapter.3}% 12
\BOOKMARK [1][]{section.3.6}{3.6 OUTLINE}{chapter.3}% 13
\BOOKMARK [0][]{chapter.4}{4 Language and Compiler Support for Data Locality}{}% 14
\BOOKMARK [1][]{section.4.1}{4.1 Introduction}{chapter.4}% 15
\BOOKMARK [1][]{section.4.2}{4.2 Key Points}{chapter.4}% 16
\BOOKMARK [1][]{section.4.3}{4.3 State of the Art}{chapter.4}% 17
\BOOKMARK [1][]{section.4.4}{4.4 Discussions}{chapter.4}% 18
\BOOKMARK [1][]{section.4.5}{4.5 Research Plan}{chapter.4}% 19
\BOOKMARK [0][]{chapter.5}{5 Data Locality in Task Models}{}% 20
\BOOKMARK [0][]{chapter.6}{6 System-Scale Data Locality Management}{}% 21
\BOOKMARK [1][]{section.6.1}{6.1 Introduction}{chapter.6}% 22
\BOOKMARK [1][]{section.6.2}{6.2 Key points}{chapter.6}% 23
\BOOKMARK [1][]{section.6.3}{6.3 State of the Art}{chapter.6}% 24
\BOOKMARK [1][]{section.6.4}{6.4 Discussion}{chapter.6}% 25
\BOOKMARK [1][]{section.6.5}{6.5 Research Plan}{chapter.6}% 26
\BOOKMARK [0][]{chapter.7}{7 Conclusion}{}% 27
\BOOKMARK [0][]{section*.5}{References}{}% 28
